<?xml version="1.0" encoding="UTF-8"?>
<testng-results skipped="0" failed="0" ignored="0" total="1" passed="1">
  <reporter-output>
  </reporter-output>
  <suite name="Suite" duration-ms="45256" started-at="2018-07-05T01:15:39Z" finished-at="2018-07-05T01:16:24Z">
    <groups>
    </groups>
    <test name="Test" duration-ms="45256" started-at="2018-07-05T01:15:39Z" finished-at="2018-07-05T01:16:24Z">
      <class name="testcase.tc_Login">
        <test-method status="PASS" signature="beforeClass()[pri:0, instance:testcase.tc_Login@112e3494]" name="beforeClass" is-config="true" duration-ms="7466" started-at="2018-07-05T08:15:39Z" finished-at="2018-07-05T08:15:46Z">
          <reporter-output>
          </reporter-output>
        </test-method> <!-- beforeClass -->
        <test-method status="PASS" signature="f()[pri:0, instance:testcase.tc_Login@112e3494]" name="f" duration-ms="37775" started-at="2018-07-05T08:15:46Z" finished-at="2018-07-05T08:16:24Z">
          <reporter-output>
          </reporter-output>
        </test-method> <!-- f -->
        <test-method status="PASS" signature="afterClass()[pri:0, instance:testcase.tc_Login@112e3494]" name="afterClass" is-config="true" duration-ms="0" started-at="2018-07-05T08:16:24Z" finished-at="2018-07-05T08:16:24Z">
          <reporter-output>
          </reporter-output>
        </test-method> <!-- afterClass -->
      </class> <!-- testcase.tc_Login -->
    </test> <!-- Test -->
  </suite> <!-- Suite -->
</testng-results>
