<?xml version="1.0" encoding="UTF-8"?>
<testng-results skipped="0" failed="0" ignored="0" total="1" passed="1">
  <reporter-output>
  </reporter-output>
  <suite name="Default suite" duration-ms="171036" started-at="2018-07-04T10:20:07Z" finished-at="2018-07-04T10:22:58Z">
    <groups>
    </groups>
    <test name="Default test" duration-ms="171036" started-at="2018-07-04T10:20:07Z" finished-at="2018-07-04T10:22:58Z">
      <class name="testcase.tc_Login">
        <test-method status="PASS" signature="beforeClass()[pri:0, instance:testcase.tc_Login@158da8e]" name="beforeClass" is-config="true" duration-ms="6184" started-at="2018-07-04T17:20:07Z" finished-at="2018-07-04T17:20:13Z">
          <reporter-output>
          </reporter-output>
        </test-method> <!-- beforeClass -->
        <test-method status="PASS" signature="f()[pri:0, instance:testcase.tc_Login@158da8e]" name="f" duration-ms="164827" started-at="2018-07-04T17:20:13Z" finished-at="2018-07-04T17:22:58Z">
          <reporter-output>
          </reporter-output>
        </test-method> <!-- f -->
        <test-method status="PASS" signature="afterClass()[pri:0, instance:testcase.tc_Login@158da8e]" name="afterClass" is-config="true" duration-ms="1" started-at="2018-07-04T17:22:58Z" finished-at="2018-07-04T17:22:58Z">
          <reporter-output>
          </reporter-output>
        </test-method> <!-- afterClass -->
      </class> <!-- testcase.tc_Login -->
    </test> <!-- Default test -->
  </suite> <!-- Default suite -->
</testng-results>
